<?xml version="1.0" encoding="UTF-8" ?>
<testsuite tests="23" failures="0" name="com.gojek.test.ParkingServiceTest" time="0.131" errors="0" skipped="0">
  <properties>
    <property name="java.runtime.name" value="OpenJDK Runtime Environment"/>
    <property name="java.vm.version" value="12.0.1+12"/>
    <property name="sun.boot.library.path" value="/Library/Java/JavaVirtualMachines/openjdk-12.0.1.jdk/Contents/Home/lib"/>
    <property name="maven.multiModuleProjectDirectory" value="/Users/nehamitt/Documents/Documents/Object-Oriented-Design"/>
    <property name="java.vm.vendor" value="Oracle Corporation"/>
    <property name="java.vendor.url" value="https://java.oracle.com/"/>
    <property name="guice.disable.misplaced.annotation.check" value="true"/>
    <property name="path.separator" value=":"/>
    <property name="java.vm.name" value="OpenJDK 64-Bit Server VM"/>
    <property name="user.country" value="IN"/>
    <property name="sun.java.launcher" value="SUN_STANDARD"/>
    <property name="java.vm.specification.name" value="Java Virtual Machine Specification"/>
    <property name="user.dir" value="/Users/nehamitt/Documents/Documents/Object-Oriented-Design"/>
    <property name="java.vm.compressedOopsMode" value="Zero based"/>
    <property name="java.runtime.version" value="12.0.1+12"/>
    <property name="java.awt.graphicsenv" value="sun.awt.CGraphicsEnvironment"/>
    <property name="os.arch" value="x86_64"/>
    <property name="java.io.tmpdir" value="/var/folders/jq/_pjvrslj1z3ghmphm_4xbgb46x_t7g/T/"/>
    <property name="line.separator" value="
"/>
    <property name="java.vm.specification.vendor" value="Oracle Corporation"/>
    <property name="os.name" value="Mac OS X"/>
    <property name="classworlds.conf" value="/usr/local/Cellar/maven/3.6.1/libexec/bin/m2.conf"/>
    <property name="sun.jnu.encoding" value="UTF-8"/>
    <property name="java.library.path" value="/Users/nehamitt/Library/Java/Extensions:/Library/Java/Extensions:/Network/Library/Java/Extensions:/System/Library/Java/Extensions:/usr/lib/java:."/>
    <property name="maven.conf" value="/usr/local/Cellar/maven/3.6.1/libexec/conf"/>
    <property name="jdk.debug" value="release"/>
    <property name="java.class.version" value="56.0"/>
    <property name="java.specification.name" value="Java Platform API Specification"/>
    <property name="sun.management.compiler" value="HotSpot 64-Bit Tiered Compilers"/>
    <property name="os.version" value="10.12.6"/>
    <property name="library.jansi.path" value="/usr/local/Cellar/maven/3.6.1/libexec/lib/jansi-native"/>
    <property name="user.home" value="/Users/nehamitt"/>
    <property name="user.timezone" value="Asia/Kolkata"/>
    <property name="file.encoding" value="US-ASCII"/>
    <property name="java.specification.version" value="12"/>
    <property name="user.name" value="nehamitt"/>
    <property name="java.class.path" value="/usr/local/Cellar/maven/3.6.1/libexec/boot/plexus-classworlds-2.6.0.jar"/>
    <property name="java.vm.specification.version" value="12"/>
    <property name="sun.arch.data.model" value="64"/>
    <property name="sun.java.command" value="org.codehaus.plexus.classworlds.launcher.Launcher clean install"/>
    <property name="java.home" value="/Library/Java/JavaVirtualMachines/openjdk-12.0.1.jdk/Contents/Home"/>
    <property name="user.language" value="en"/>
    <property name="java.specification.vendor" value="Oracle Corporation"/>
    <property name="awt.toolkit" value="sun.lwawt.macosx.LWCToolkit"/>
    <property name="java.vm.info" value="mixed mode, sharing"/>
    <property name="java.version" value="12.0.1"/>
    <property name="java.vendor" value="Oracle Corporation"/>
    <property name="maven.home" value="/usr/local/Cellar/maven/3.6.1/libexec"/>
    <property name="file.separator" value="/"/>
    <property name="java.version.date" value="2019-04-16"/>
    <property name="java.vendor.url.bug" value="https://bugreport.java.com/bugreport/"/>
    <property name="sun.io.unicode.encoding" value="UnicodeBig"/>
    <property name="sun.cpu.endian" value="little"/>
  </properties>
  <testcase classname="com.gojek.test.ParkingServiceTest" name="parkCarWithMultipleConcurrentRequestAndParkingCapacity" time="0.055"/>
  <testcase classname="com.gojek.test.ParkingServiceTest" name="createParkingLot" time="0.001"/>
  <testcase classname="com.gojek.test.ParkingServiceTest" name="getSlotNoForGivenColour" time="0.009"/>
  <testcase classname="com.gojek.test.ParkingServiceTest" name="statusOfParkingLot" time="0.007"/>
  <testcase classname="com.gojek.test.ParkingServiceTest" name="getRegistrationNoForGivenCarColour" time="0.004"/>
  <testcase classname="com.gojek.test.ParkingServiceTest" name="getRegistrationNoForGivenColorWhichIsNotValid" time="0.003"/>
  <testcase classname="com.gojek.test.ParkingServiceTest" name="getSlotNoForGivenRegistrationNo" time="0.004"/>
  <testcase classname="com.gojek.test.ParkingServiceTest" name="unParkWithWrongSlotNo" time="0.003"/>
  <testcase classname="com.gojek.test.ParkingServiceTest" name="unPark" time="0.006"/>
  <testcase classname="com.gojek.test.ParkingServiceTest" name="parkCar" time="0"/>
  <testcase classname="com.gojek.test.ParkingServiceTest" name="getRegistrationNoForGivenCarColourWhenParkingIsEmpty" time="0.001"/>
  <testcase classname="com.gojek.test.ParkingServiceTest" name="parkCarOnNearestSlot" time="0.004"/>
  <testcase classname="com.gojek.test.ParkingServiceTest" name="unParkWhenSlotIsAlreadyVaccated" time="0.002"/>
  <testcase classname="com.gojek.test.ParkingServiceTest" name="parkCarsWithSameRegistationNoAndColor" time="0.004"/>
  <testcase classname="com.gojek.test.ParkingServiceTest" name="getSlotNoForGivenColourWhenParkingIsEmpty" time="0.004"/>
  <testcase classname="com.gojek.test.ParkingServiceTest" name="getSlotNoForGivenRegistrationNoWhichDoesNotExist" time="0.004"/>
  <testcase classname="com.gojek.test.ParkingServiceTest" name="parkCarMultipleFloor" time="0.002"/>
  <testcase classname="com.gojek.test.ParkingServiceTest" name="parkCarWhenParkingIsFull" time="0.001"/>
  <testcase classname="com.gojek.test.ParkingServiceTest" name="statusOfEmptyParkingLot" time="0.002"/>
  <testcase classname="com.gojek.test.ParkingServiceTest" name="getSlotNotForGivenInvalidColor" time="0.006"/>
  <testcase classname="com.gojek.test.ParkingServiceTest" name="parkCarsWithSameRegistationNoAndDifferentColor" time="0.002"/>
  <testcase classname="com.gojek.test.ParkingServiceTest" name="parkSameCarTwice" time="0.002"/>
  <testcase classname="com.gojek.test.ParkingServiceTest" name="parkCarWithMultipleConcurrentRequest" time="0.005"/>
</testsuite>